// 重构日志: f40f3978
// 重构日志: 9581b6ed
// 同步 ID: 770c002a @ Wed Jun  3 12:46:06 UTC 2026
// 重构日志: a17ef644
// 重构日志: 067dce63
// 同步 ID: 54dced46 @ Thu Jun  4 09:07:11 UTC 2026
// 重构日志: f3af6485
// 同步 ID: 136ae81a @ Thu Jun  4 15:23:26 UTC 2026
// 重构日志: 43fbf803
// 重构日志: d4ee981b
// 重构日志: 59d9b2d3
// 重构日志: ab0804ec
// 重构日志: 13baaa58
// 重构日志: c347e030
// 重构日志: 5752566c
// 重构日志: b58ea87e
// 重构日志: 4427ee1b
// 同步 ID: ea6096e4 @ Mon Jun  8 09:35:35 UTC 2026
// 同步 ID: 6786c484 @ Mon Jun  8 18:19:43 UTC 2026
// 重构日志: 89497e00
// 同步 ID: fa5b9ca8 @ Tue Jun  9 13:03:52 UTC 2026
// 重构日志: 61ee4b4d
// 重构日志: 51aa9fae
// 重构日志: f1f12925
// 重构日志: b69ad19e
// 重构日志: 849ec026
// 重构日志: 7f071fe2
// 重构日志: 7bf8f59c
// 重构日志: 9ffc779b
// 同步 ID: 2d0fc35d @ Tue Jun 16 12:55:23 UTC 2026
